Build started 10/2/2014 9:07:11 AM.
     1>Project "C:\Users\Jun Jie\Desktop\Final\SrcObf\SrcObf\SrcObf.vcxproj" on node 2 (build target(s)).
     1>InitializeBuildStatus:
         Creating "Debug\SrcObf.unsuccessfulbuild" because "AlwaysCreate" was specified.
       ClCompile:
         C:\Program Files (x86)\Microsoft Visual Studio 10.0\VC\bin\CL.exe /c /ZI /nologo /W3 /WX- /Od /Oy- /D WIN32 /D _DEBUG /D _CONSOLE /D _UNICODE /D UNICODE /Gm /EHsc /RTC1 /MDd /GS /fp:precise /Zc:wchar_t /Zc:forScope /Fo"Debug\\" /Fd"Debug\vc100.pdb" /Gd /TP /analyze- /errorReport:prompt main.cpp
         main.cpp
       ManifestResourceCompile:
         All outputs are up-to-date.
       Link:
         C:\Program Files (x86)\Microsoft Visual Studio 10.0\VC\bin\link.exe /ERRORREPORT:PROMPT /OUT:"C:\Users\Jun Jie\Desktop\Final\SrcObf\Debug\SrcObf.exe" /INCREMENTAL /NOLOGO kernel32.lib user32.lib gdi32.lib winspool.lib comdlg32.lib advapi32.lib shell32.lib ole32.lib oleaut32.lib uuid.lib odbc32.lib odbccp32.lib /MANIFEST /ManifestFile:"Debug\SrcObf.exe.intermediate.manifest" /MANIFESTUAC:"level='asInvoker' uiAccess='false'" /DEBUG /PDB:"C:\Users\Jun Jie\Desktop\Final\SrcObf\Debug\SrcObf.pdb" /SUBSYSTEM:CONSOLE /TLBID:1 /DYNAMICBASE /NXCOMPAT /IMPLIB:"C:\Users\Jun Jie\Desktop\Final\SrcObf\Debug\SrcObf.lib" /MACHINE:X86 Debug\SrcObf.exe.embed.manifest.res
         Debug\ControlFlow.obj
         Debug\Lexer.obj
         Debug\main.obj
         Debug\Parser.obj
       Manifest:
         C:\Program Files (x86)\Microsoft SDKs\Windows\v7.0A\bin\mt.exe /nologo /verbose /out:"Debug\SrcObf.exe.embed.manifest" /manifest Debug\SrcObf.exe.intermediate.manifest
         All outputs are up-to-date.
       LinkEmbedManifest:
         All outputs are up-to-date.
         SrcObf.vcxproj -> C:\Users\Jun Jie\Desktop\Final\SrcObf\Debug\SrcObf.exe
       FinalizeBuildStatus:
         Deleting file "Debug\SrcObf.unsuccessfulbuild".
         Touching "Debug\SrcObf.lastbuildstate".
     1>Done Building Project "C:\Users\Jun Jie\Desktop\Final\SrcObf\SrcObf\SrcObf.vcxproj" (build target(s)).

Build succeeded.

Time Elapsed 00:00:03.84
